<?xml version="1.0" encoding="UTF-8" ?>
<testsuite tests="19" failures="0" name="org.race.NitroCarTest" time="0.005" errors="0" skipped="0">
  <properties>
    <property name="java.runtime.name" value="Java(TM) SE Runtime Environment"/>
    <property name="sun.boot.library.path" value="/Library/Java/JavaVirtualMachines/jdk1.8.0_60.jdk/Contents/Home/jre/lib"/>
    <property name="java.vm.version" value="25.60-b23"/>
    <property name="gopherProxySet" value="false"/>
    <property name="java.vm.vendor" value="Oracle Corporation"/>
    <property name="maven.multiModuleProjectDirectory" value="/Users/pkalivaradan/gdrive/source/car"/>
    <property name="java.vendor.url" value="http://java.oracle.com/"/>
    <property name="path.separator" value=":"/>
    <property name="guice.disable.misplaced.annotation.check" value="true"/>
    <property name="java.vm.name" value="Java HotSpot(TM) 64-Bit Server VM"/>
    <property name="file.encoding.pkg" value="sun.io"/>
    <property name="user.country" value="US"/>
    <property name="sun.java.launcher" value="SUN_STANDARD"/>
    <property name="sun.os.patch.level" value="unknown"/>
    <property name="java.vm.specification.name" value="Java Virtual Machine Specification"/>
    <property name="user.dir" value="/Users/pkalivaradan/Google Drive/source/car"/>
    <property name="java.runtime.version" value="1.8.0_60-b27"/>
    <property name="java.awt.graphicsenv" value="sun.awt.CGraphicsEnvironment"/>
    <property name="java.endorsed.dirs" value="/Library/Java/JavaVirtualMachines/jdk1.8.0_60.jdk/Contents/Home/jre/lib/endorsed"/>
    <property name="os.arch" value="x86_64"/>
    <property name="java.io.tmpdir" value="/var/folders/wj/shbq02dj1wj8j85v5t553fg1k761fw/T/"/>
    <property name="line.separator" value="
"/>
    <property name="java.vm.specification.vendor" value="Oracle Corporation"/>
    <property name="os.name" value="Mac OS X"/>
    <property name="classworlds.conf" value="/usr/local/apache-maven/bin/m2.conf"/>
    <property name="sun.jnu.encoding" value="UTF-8"/>
    <property name="java.library.path" value="/Users/pkalivaradan/Library/Java/Extensions:/Library/Java/Extensions:/Network/Library/Java/Extensions:/System/Library/Java/Extensions:/usr/lib/java:."/>
    <property name="java.specification.name" value="Java Platform API Specification"/>
    <property name="java.class.version" value="52.0"/>
    <property name="sun.management.compiler" value="HotSpot 64-Bit Tiered Compilers"/>
    <property name="os.version" value="10.10.5"/>
    <property name="http.nonProxyHosts" value="local|*.local|169.254/16|*.169.254/16"/>
    <property name="user.home" value="/Users/pkalivaradan"/>
    <property name="user.timezone" value="Asia/Kolkata"/>
    <property name="java.awt.printerjob" value="sun.lwawt.macosx.CPrinterJob"/>
    <property name="java.specification.version" value="1.8"/>
    <property name="file.encoding" value="UTF-8"/>
    <property name="user.name" value="pkalivaradan"/>
    <property name="java.class.path" value="/usr/local/apache-maven/boot/plexus-classworlds-2.5.2.jar"/>
    <property name="java.vm.specification.version" value="1.8"/>
    <property name="sun.arch.data.model" value="64"/>
    <property name="java.home" value="/Library/Java/JavaVirtualMachines/jdk1.8.0_60.jdk/Contents/Home/jre"/>
    <property name="sun.java.command" value="org.codehaus.plexus.classworlds.launcher.Launcher clean install"/>
    <property name="java.specification.vendor" value="Oracle Corporation"/>
    <property name="user.language" value="en"/>
    <property name="awt.toolkit" value="sun.lwawt.macosx.LWCToolkit"/>
    <property name="java.vm.info" value="mixed mode"/>
    <property name="java.version" value="1.8.0_60"/>
    <property name="java.ext.dirs" value="/Users/pkalivaradan/Library/Java/Extensions:/Library/Java/JavaVirtualMachines/jdk1.8.0_60.jdk/Contents/Home/jre/lib/ext:/Library/Java/Extensions:/Network/Library/Java/Extensions:/System/Library/Java/Extensions:/usr/lib/java"/>
    <property name="sun.boot.class.path" value="/Library/Java/JavaVirtualMachines/jdk1.8.0_60.jdk/Contents/Home/jre/lib/resources.jar:/Library/Java/JavaVirtualMachines/jdk1.8.0_60.jdk/Contents/Home/jre/lib/rt.jar:/Library/Java/JavaVirtualMachines/jdk1.8.0_60.jdk/Contents/Home/jre/lib/sunrsasign.jar:/Library/Java/JavaVirtualMachines/jdk1.8.0_60.jdk/Contents/Home/jre/lib/jsse.jar:/Library/Java/JavaVirtualMachines/jdk1.8.0_60.jdk/Contents/Home/jre/lib/jce.jar:/Library/Java/JavaVirtualMachines/jdk1.8.0_60.jdk/Contents/Home/jre/lib/charsets.jar:/Library/Java/JavaVirtualMachines/jdk1.8.0_60.jdk/Contents/Home/jre/lib/jfr.jar:/Library/Java/JavaVirtualMachines/jdk1.8.0_60.jdk/Contents/Home/jre/classes"/>
    <property name="java.vendor" value="Oracle Corporation"/>
    <property name="maven.home" value="/usr/local/apache-maven"/>
    <property name="file.separator" value="/"/>
    <property name="java.vendor.url.bug" value="http://bugreport.sun.com/bugreport/"/>
    <property name="sun.cpu.endian" value="little"/>
    <property name="sun.io.unicode.encoding" value="UnicodeBig"/>
    <property name="socksNonProxyHosts" value="local|*.local|169.254/16|*.169.254/16"/>
    <property name="ftp.nonProxyHosts" value="local|*.local|169.254/16|*.169.254/16"/>
    <property name="sun.cpu.isalist" value=""/>
  </properties>
  <testcase classname="org.race.NitroCarTest" name="shouldSetCorrectTopSpeed" time="0.002"/>
  <testcase classname="org.race.NitroCarTest" name="shouldNotBeAbleToCreateACarWithIllegalTeamNumber" time="0"/>
  <testcase classname="org.race.NitroCarTest" name="shouldNotRaceWhenCarIsAlreadyFinished" time="0"/>
  <testcase classname="org.race.NitroCarTest" name="shouldSetCorrectAcceleration" time="0"/>
  <testcase classname="org.race.NitroCarTest" name="shouldNotApplyNitroWhenOutOfRace" time="0"/>
  <testcase classname="org.race.NitroCarTest" name="shouldIncreseRaceTimeCorrectlyWhenRacing" time="0"/>
  <testcase classname="org.race.NitroCarTest" name="shouldDoubleTheSpeedWhenTopSpeedIsGreaterWhenNitroIsApplied" time="0"/>
  <testcase classname="org.race.NitroCarTest" name="shouldNotApplyHFWhenNotInRace" time="0"/>
  <testcase classname="org.race.NitroCarTest" name="shouldReduceSpeedWhenHFIsApplied" time="0.001"/>
  <testcase classname="org.race.NitroCarTest" name="shouldSetCorrectInitialDistance" time="0"/>
  <testcase classname="org.race.NitroCarTest" name="shouldReturnSameHashcodeForSameTeamCars" time="0"/>
  <testcase classname="org.race.NitroCarTest" name="shouldIncreseSpeedCorrectlyWhenRacing" time="0.001"/>
  <testcase classname="org.race.NitroCarTest" name="shouldReturnTrueForSameTeamCarForEquals" time="0"/>
  <testcase classname="org.race.NitroCarTest" name="shouldReduceRemainingDistanceCorrectlyWhenRacing" time="0"/>
  <testcase classname="org.race.NitroCarTest" name="shouldAttainTopSpeedWhenTopSpeedIsLessThanDoubledSpeedWhenNitroIsApplied" time="0"/>
  <testcase classname="org.race.NitroCarTest" name="shouldNotBeAbleToCreateACarWithIllegalTeamCount" time="0"/>
  <testcase classname="org.race.NitroCarTest" name="shouldNotHaveNitroAfterOneUse" time="0"/>
  <testcase classname="org.race.NitroCarTest" name="shouldHaveNitroAvailableInitially" time="0.001"/>
  <testcase classname="org.race.NitroCarTest" name="shouldReturnTrueWhenZeroOrNegativeDistanceToBeCovered" time="0"/>
</testsuite>